<?xml version="1.0" encoding="UTF-8" standalone="no"?>
<testsuite errors="0" failures="0" name="io.cucumber.core.plugin.JUnitFormatter" skipped="0" tests="1" time="13.207">
    <testcase classname="Application form Test" name="Fill the form with the details" time="3.828">
        <system-out><![CDATA[Given I am navigating to the LV homepage..................................................passed
And I click on More on life insurance button............................passed
Then I click on the Types of life insurance.............................passed
When I click on the Get life insurance quote button.....................passed                         
And I fill the form with details........................................passed
]]>